{"C:\\Users\\luisc\\Desktop\\Pruebas\\Tieso-Inn\\src\\controller\\authGoogle.controller.ts": {"path":"C:\\Users\\luisc\\Desktop\\Pruebas\\Tieso-Inn\\src\\controller\\authGoogle.controller.ts","statementMap":{"0":{"start":{"line":2,"column":0},"end":{"line":2,"column":31}},"1":{"start":{"line":4,"column":30},"end":{"line":22,"column":1}},"2":{"start":{"line":5,"column":17},"end":{"line":5,"column":25}},"3":{"start":{"line":7,"column":4},"end":{"line":11,"column":5}},"4":{"start":{"line":9,"column":8},"end":{"line":9,"column":26}},"5":{"start":{"line":10,"column":8},"end":{"line":10,"column":15}},"6":{"start":{"line":14,"column":18},"end":{"line":17,"column":null}},"7":{"start":{"line":21,"column":4},"end":{"line":21,"column":99}},"8":{"start":{"line":4,"column":13},"end":{"line":4,"column":30}}},"fnMap":{"0":{"name":"(anonymous_1)","decl":{"start":{"line":4,"column":30},"end":{"line":4,"column":31}},"loc":{"start":{"line":4,"column":68},"end":{"line":22,"column":1}}}},"branchMap":{"0":{"loc":{"start":{"line":7,"column":4},"end":{"line":11,"column":5}},"type":"if","locations":[{"start":{"line":7,"column":4},"end":{"line":11,"column":5}}]}},"s":{"0":1,"1":1,"2":2,"3":2,"4":1,"5":1,"6":1,"7":1,"8":1},"f":{"0":2},"b":{"0":[1]}}
,"C:\\Users\\luisc\\Desktop\\Pruebas\\Tieso-Inn\\src\\controller\\categories.controller.ts": {"path":"C:\\Users\\luisc\\Desktop\\Pruebas\\Tieso-Inn\\src\\controller\\categories.controller.ts","statementMap":{"0":{"start":{"line":2,"column":0},"end":{"line":2,"column":42}},"1":{"start":{"line":3,"column":0},"end":{"line":3,"column":63}},"2":{"start":{"line":8,"column":8},"end":{"line":14,"column":9}},"3":{"start":{"line":9,"column":31},"end":{"line":9,"column":54}},"4":{"start":{"line":10,"column":12},"end":{"line":10,"column":74}},"5":{"start":{"line":12,"column":12},"end":{"line":12,"column":68}},"6":{"start":{"line":13,"column":12},"end":{"line":13,"column":104}},"7":{"start":{"line":18,"column":8},"end":{"line":28,"column":9}},"8":{"start":{"line":19,"column":32},"end":{"line":19,"column":57}},"9":{"start":{"line":20,"column":29},"end":{"line":20,"column":68}},"10":{"start":{"line":21,"column":12},"end":{"line":23,"column":13}},"11":{"start":{"line":22,"column":16},"end":{"line":22,"column":95}},"12":{"start":{"line":24,"column":12},"end":{"line":24,"column":72}},"13":{"start":{"line":26,"column":12},"end":{"line":26,"column":33}},"14":{"start":{"line":27,"column":12},"end":{"line":27,"column":100}},"15":{"start":{"line":32,"column":8},"end":{"line":54,"column":9}},"16":{"start":{"line":33,"column":65},"end":{"line":33,"column":73}},"17":{"start":{"line":34,"column":35},"end":{"line":34,"column":74}},"18":{"start":{"line":36,"column":12},"end":{"line":39,"column":13}},"19":{"start":{"line":37,"column":16},"end":{"line":37,"column":91}},"20":{"start":{"line":38,"column":16},"end":{"line":38,"column":23}},"21":{"start":{"line":41,"column":32},"end":{"line":46,"column":14}},"22":{"start":{"line":48,"column":12},"end":{"line":48,"column":37}},"23":{"start":{"line":49,"column":12},"end":{"line":49,"column":68}},"24":{"start":{"line":52,"column":12},"end":{"line":52,"column":33}},"25":{"start":{"line":53,"column":12},"end":{"line":53,"column":91}},"26":{"start":{"line":58,"column":8},"end":{"line":65,"column":9}},"27":{"start":{"line":59,"column":32},"end":{"line":59,"column":57}},"28":{"start":{"line":60,"column":36},"end":{"line":60,"column":109}},"29":{"start":{"line":61,"column":12},"end":{"line":61,"column":118}},"30":{"start":{"line":63,"column":12},"end":{"line":63,"column":33}},"31":{"start":{"line":64,"column":12},"end":{"line":64,"column":96}},"32":{"start":{"line":69,"column":8},"end":{"line":80,"column":9}},"33":{"start":{"line":70,"column":32},"end":{"line":70,"column":57}},"34":{"start":{"line":71,"column":36},"end":{"line":71,"column":84}},"35":{"start":{"line":72,"column":12},"end":{"line":75,"column":13}},"36":{"start":{"line":73,"column":16},"end":{"line":73,"column":88}},"37":{"start":{"line":74,"column":16},"end":{"line":74,"column":23}},"38":{"start":{"line":76,"column":12},"end":{"line":76,"column":92}},"39":{"start":{"line":78,"column":12},"end":{"line":78,"column":33}},"40":{"start":{"line":79,"column":12},"end":{"line":79,"column":94}},"41":{"start":{"line":84,"column":0},"end":{"line":84,"column":42}}},"fnMap":{"0":{"name":"(anonymous_8)","decl":{"start":{"line":7,"column":10},"end":{"line":7,"column":16}},"loc":{"start":{"line":7,"column":44},"end":{"line":15,"column":null}}},"1":{"name":"(anonymous_10)","decl":{"start":{"line":17,"column":10},"end":{"line":17,"column":25}},"loc":{"start":{"line":17,"column":53},"end":{"line":29,"column":null}}},"2":{"name":"(anonymous_12)","decl":{"start":{"line":31,"column":10},"end":{"line":31,"column":24}},"loc":{"start":{"line":31,"column":52},"end":{"line":55,"column":null}}},"3":{"name":"(anonymous_14)","decl":{"start":{"line":57,"column":10},"end":{"line":57,"column":24}},"loc":{"start":{"line":57,"column":52},"end":{"line":66,"column":null}}},"4":{"name":"(anonymous_16)","decl":{"start":{"line":68,"column":10},"end":{"line":68,"column":24}},"loc":{"start":{"line":68,"column":52},"end":{"line":81,"column":null}}}},"branchMap":{"0":{"loc":{"start":{"line":21,"column":12},"end":{"line":23,"column":13}},"type":"if","locations":[{"start":{"line":21,"column":12},"end":{"line":23,"column":13}}]},"1":{"loc":{"start":{"line":36,"column":12},"end":{"line":39,"column":13}},"type":"if","locations":[{"start":{"line":36,"column":12},"end":{"line":39,"column":13}}]},"2":{"loc":{"start":{"line":72,"column":12},"end":{"line":75,"column":13}},"type":"if","locations":[{"start":{"line":72,"column":12},"end":{"line":75,"column":13}}]}},"s":{"0":1,"1":1,"2":2,"3":2,"4":1,"5":1,"6":1,"7":2,"8":2,"9":2,"10":2,"11":1,"12":1,"13":0,"14":0,"15":2,"16":2,"17":2,"18":2,"19":1,"20":1,"21":1,"22":1,"23":1,"24":0,"25":0,"26":1,"27":1,"28":1,"29":1,"30":0,"31":0,"32":2,"33":2,"34":2,"35":2,"36":1,"37":1,"38":1,"39":0,"40":0,"41":1},"f":{"0":2,"1":2,"2":2,"3":1,"4":2},"b":{"0":[1],"1":[1],"2":[1]}}
,"C:\\Users\\luisc\\Desktop\\Pruebas\\Tieso-Inn\\src\\controller\\chat.controller.ts": {"path":"C:\\Users\\luisc\\Desktop\\Pruebas\\Tieso-Inn\\src\\controller\\chat.controller.ts","statementMap":{"0":{"start":{"line":2,"column":0},"end":{"line":2,"column":49}},"1":{"start":{"line":3,"column":0},"end":{"line":3,"column":63}},"2":{"start":{"line":7,"column":8},"end":{"line":13,"column":9}},"3":{"start":{"line":8,"column":26},"end":{"line":8,"column":52}},"4":{"start":{"line":9,"column":12},"end":{"line":9,"column":62}},"5":{"start":{"line":11,"column":12},"end":{"line":11,"column":33}},"6":{"start":{"line":12,"column":12},"end":{"line":12,"column":99}},"7":{"start":{"line":17,"column":8},"end":{"line":28,"column":9}},"8":{"start":{"line":18,"column":28},"end":{"line":18,"column":44}},"9":{"start":{"line":19,"column":25},"end":{"line":19,"column":76}},"10":{"start":{"line":20,"column":12},"end":{"line":23,"column":13}},"11":{"start":{"line":21,"column":16},"end":{"line":21,"column":94}},"12":{"start":{"line":22,"column":16},"end":{"line":22,"column":23}},"13":{"start":{"line":24,"column":12},"end":{"line":24,"column":61}},"14":{"start":{"line":26,"column":12},"end":{"line":26,"column":33}},"15":{"start":{"line":27,"column":12},"end":{"line":27,"column":99}},"16":{"start":{"line":32,"column":28},"end":{"line":32,"column":44}},"17":{"start":{"line":33,"column":30},"end":{"line":33,"column":65}},"18":{"start":{"line":34,"column":8},"end":{"line":53,"column":9}},"19":{"start":{"line":35,"column":30},"end":{"line":35,"column":72}},"20":{"start":{"line":36,"column":12},"end":{"line":39,"column":13}},"21":{"start":{"line":37,"column":16},"end":{"line":37,"column":97}},"22":{"start":{"line":38,"column":16},"end":{"line":38,"column":23}},"23":{"start":{"line":41,"column":28},"end":{"line":45,"column":14}},"24":{"start":{"line":47,"column":12},"end":{"line":47,"column":46}},"25":{"start":{"line":49,"column":12},"end":{"line":49,"column":64}},"26":{"start":{"line":51,"column":12},"end":{"line":51,"column":33}},"27":{"start":{"line":52,"column":12},"end":{"line":52,"column":97}},"28":{"start":{"line":57,"column":28},"end":{"line":57,"column":44}},"29":{"start":{"line":58,"column":8},"end":{"line":68,"column":9}},"30":{"start":{"line":59,"column":32},"end":{"line":59,"column":83}},"31":{"start":{"line":60,"column":12},"end":{"line":63,"column":13}},"32":{"start":{"line":61,"column":16},"end":{"line":61,"column":96}},"33":{"start":{"line":62,"column":16},"end":{"line":62,"column":23}},"34":{"start":{"line":64,"column":12},"end":{"line":64,"column":95}},"35":{"start":{"line":66,"column":12},"end":{"line":66,"column":33}},"36":{"start":{"line":67,"column":12},"end":{"line":67,"column":100}},"37":{"start":{"line":72,"column":28},"end":{"line":72,"column":44}},"38":{"start":{"line":73,"column":33},"end":{"line":73,"column":41}},"39":{"start":{"line":74,"column":8},"end":{"line":102,"column":9}},"40":{"start":{"line":75,"column":31},"end":{"line":85,"column":14}},"41":{"start":{"line":87,"column":27},"end":{"line":90,"column":null}},"42":{"start":{"line":93,"column":12},"end":{"line":96,"column":13}},"43":{"start":{"line":94,"column":16},"end":{"line":94,"column":94}},"44":{"start":{"line":95,"column":16},"end":{"line":95,"column":23}},"45":{"start":{"line":98,"column":12},"end":{"line":98,"column":115}},"46":{"start":{"line":100,"column":12},"end":{"line":100,"column":33}},"47":{"start":{"line":101,"column":12},"end":{"line":101,"column":102}},"48":{"start":{"line":106,"column":20},"end":{"line":106,"column":40}},"49":{"start":{"line":107,"column":0},"end":{"line":107,"column":27}}},"fnMap":{"0":{"name":"(anonymous_8)","decl":{"start":{"line":6,"column":10},"end":{"line":6,"column":18}},"loc":{"start":{"line":6,"column":46},"end":{"line":14,"column":null}}},"1":{"name":"(anonymous_10)","decl":{"start":{"line":16,"column":10},"end":{"line":16,"column":17}},"loc":{"start":{"line":16,"column":45},"end":{"line":29,"column":null}}},"2":{"name":"(anonymous_12)","decl":{"start":{"line":31,"column":10},"end":{"line":31,"column":21}},"loc":{"start":{"line":31,"column":49},"end":{"line":54,"column":null}}},"3":{"name":"(anonymous_14)","decl":{"start":{"line":56,"column":10},"end":{"line":56,"column":20}},"loc":{"start":{"line":56,"column":48},"end":{"line":69,"column":null}}},"4":{"name":"(anonymous_16)","decl":{"start":{"line":71,"column":10},"end":{"line":71,"column":20}},"loc":{"start":{"line":71,"column":48},"end":{"line":103,"column":null}}}},"branchMap":{"0":{"loc":{"start":{"line":20,"column":12},"end":{"line":23,"column":13}},"type":"if","locations":[{"start":{"line":20,"column":12},"end":{"line":23,"column":13}}]},"1":{"loc":{"start":{"line":36,"column":12},"end":{"line":39,"column":13}},"type":"if","locations":[{"start":{"line":36,"column":12},"end":{"line":39,"column":13}}]},"2":{"loc":{"start":{"line":60,"column":12},"end":{"line":63,"column":13}},"type":"if","locations":[{"start":{"line":60,"column":12},"end":{"line":63,"column":13}}]},"3":{"loc":{"start":{"line":93,"column":12},"end":{"line":96,"column":13}},"type":"if","locations":[{"start":{"line":93,"column":12},"end":{"line":96,"column":13}}]}},"s":{"0":1,"1":1,"2":2,"3":2,"4":1,"5":1,"6":1,"7":2,"8":2,"9":2,"10":2,"11":1,"12":1,"13":1,"14":0,"15":0,"16":2,"17":2,"18":2,"19":2,"20":2,"21":1,"22":1,"23":1,"24":1,"25":1,"26":0,"27":0,"28":2,"29":2,"30":2,"31":2,"32":1,"33":1,"34":1,"35":0,"36":0,"37":2,"38":2,"39":2,"40":2,"41":2,"42":2,"43":1,"44":1,"45":1,"46":0,"47":0,"48":1,"49":1},"f":{"0":2,"1":2,"2":2,"3":2,"4":2},"b":{"0":[1],"1":[1],"2":[1],"3":[1]}}
,"C:\\Users\\luisc\\Desktop\\Pruebas\\Tieso-Inn\\src\\controller\\reservation.controller.ts": {"path":"C:\\Users\\luisc\\Desktop\\Pruebas\\Tieso-Inn\\src\\controller\\reservation.controller.ts","statementMap":{"0":{"start":{"line":2,"column":0},"end":{"line":2,"column":48}},"1":{"start":{"line":3,"column":0},"end":{"line":3,"column":34}},"2":{"start":{"line":4,"column":0},"end":{"line":4,"column":34}},"3":{"start":{"line":5,"column":0},"end":{"line":5,"column":63}},"4":{"start":{"line":6,"column":0},"end":{"line":6,"column":32}},"5":{"start":{"line":7,"column":0},"end":{"line":7,"column":28}},"6":{"start":{"line":9,"column":0},"end":{"line":9,"column":16}},"7":{"start":{"line":23,"column":8},"end":{"line":54,"column":9}},"8":{"start":{"line":24,"column":33},"end":{"line":47,"column":14}},"9":{"start":{"line":48,"column":12},"end":{"line":48,"column":69}},"10":{"start":{"line":50,"column":12},"end":{"line":52,"column":75}},"11":{"start":{"line":53,"column":12},"end":{"line":53,"column":43}},"12":{"start":{"line":59,"column":23},"end":{"line":59,"column":33}},"13":{"start":{"line":61,"column":8},"end":{"line":76,"column":9}},"14":{"start":{"line":62,"column":32},"end":{"line":64,"column":49}},"15":{"start":{"line":65,"column":12},"end":{"line":69,"column":13}},"16":{"start":{"line":66,"column":16},"end":{"line":68,"column":64}},"17":{"start":{"line":71,"column":12},"end":{"line":71,"column":68}},"18":{"start":{"line":73,"column":12},"end":{"line":75,"column":73}},"19":{"start":{"line":81,"column":23},"end":{"line":81,"column":33}},"20":{"start":{"line":83,"column":8},"end":{"line":98,"column":9}},"21":{"start":{"line":84,"column":32},"end":{"line":86,"column":49}},"22":{"start":{"line":87,"column":12},"end":{"line":91,"column":13}},"23":{"start":{"line":88,"column":16},"end":{"line":90,"column":79}},"24":{"start":{"line":93,"column":12},"end":{"line":93,"column":68}},"25":{"start":{"line":95,"column":12},"end":{"line":97,"column":73}},"26":{"start":{"line":103,"column":23},"end":{"line":103,"column":33}},"27":{"start":{"line":105,"column":8},"end":{"line":144,"column":9}},"28":{"start":{"line":106,"column":32},"end":{"line":132,"column":14}},"29":{"start":{"line":133,"column":12},"end":{"line":137,"column":13}},"30":{"start":{"line":134,"column":16},"end":{"line":136,"column":79}},"31":{"start":{"line":139,"column":12},"end":{"line":139,"column":68}},"32":{"start":{"line":141,"column":12},"end":{"line":143,"column":73}},"33":{"start":{"line":149,"column":88},"end":{"line":149,"column":96}},"34":{"start":{"line":151,"column":8},"end":{"line":196,"column":9}},"35":{"start":{"line":153,"column":31},"end":{"line":153,"column":62}},"36":{"start":{"line":155,"column":31},"end":{"line":155,"column":62}},"37":{"start":{"line":158,"column":12},"end":{"line":161,"column":13}},"38":{"start":{"line":159,"column":16},"end":{"line":159,"column":95}},"39":{"start":{"line":160,"column":16},"end":{"line":160,"column":23}},"40":{"start":{"line":163,"column":12},"end":{"line":166,"column":13}},"41":{"start":{"line":164,"column":16},"end":{"line":164,"column":98}},"42":{"start":{"line":165,"column":16},"end":{"line":165,"column":23}},"43":{"start":{"line":169,"column":42},"end":{"line":169,"column":101}},"44":{"start":{"line":170,"column":43},"end":{"line":170,"column":114}},"45":{"start":{"line":170,"column":86},"end":{"line":170,"column":113}},"46":{"start":{"line":173,"column":36},"end":{"line":173,"column":37}},"47":{"start":{"line":174,"column":12},"end":{"line":176,"column":13}},"48":{"start":{"line":175,"column":16},"end":{"line":175,"column":36}},"49":{"start":{"line":179,"column":35},"end":{"line":187,"column":14}},"50":{"start":{"line":190,"column":12},"end":{"line":190,"column":53}},"51":{"start":{"line":191,"column":12},"end":{"line":191,"column":71}},"52":{"start":{"line":194,"column":12},"end":{"line":194,"column":73}},"53":{"start":{"line":195,"column":12},"end":{"line":195,"column":102}},"54":{"start":{"line":201,"column":23},"end":{"line":201,"column":33}},"55":{"start":{"line":202,"column":28},"end":{"line":202,"column":36}},"56":{"start":{"line":204,"column":8},"end":{"line":221,"column":9}},"57":{"start":{"line":205,"column":39},"end":{"line":208,"column":null}},"58":{"start":{"line":211,"column":12},"end":{"line":215,"column":13}},"59":{"start":{"line":212,"column":16},"end":{"line":213,"column":64}},"60":{"start":{"line":214,"column":16},"end":{"line":214,"column":23}},"61":{"start":{"line":217,"column":12},"end":{"line":217,"column":75}},"62":{"start":{"line":220,"column":12},"end":{"line":220,"column":118}},"63":{"start":{"line":226,"column":23},"end":{"line":226,"column":33}},"64":{"start":{"line":228,"column":8},"end":{"line":242,"column":9}},"65":{"start":{"line":229,"column":39},"end":{"line":231,"column":14}},"66":{"start":{"line":233,"column":12},"end":{"line":237,"column":13}},"67":{"start":{"line":234,"column":16},"end":{"line":235,"column":64}},"68":{"start":{"line":236,"column":16},"end":{"line":236,"column":23}},"69":{"start":{"line":239,"column":12},"end":{"line":239,"column":103}},"70":{"start":{"line":241,"column":12},"end":{"line":241,"column":112}},"71":{"start":{"line":245,"column":13},"end":{"line":245,"column":65}}},"fnMap":{"0":{"name":"(anonymous_8)","decl":{"start":{"line":22,"column":10},"end":{"line":22,"column":28}},"loc":{"start":{"line":22,"column":56},"end":{"line":55,"column":null}}},"1":{"name":"(anonymous_10)","decl":{"start":{"line":58,"column":10},"end":{"line":58,"column":28}},"loc":{"start":{"line":58,"column":56},"end":{"line":77,"column":null}}},"2":{"name":"(anonymous_12)","decl":{"start":{"line":80,"column":10},"end":{"line":80,"column":33}},"loc":{"start":{"line":80,"column":61},"end":{"line":99,"column":null}}},"3":{"name":"(anonymous_14)","decl":{"start":{"line":102,"column":10},"end":{"line":102,"column":33}},"loc":{"start":{"line":102,"column":61},"end":{"line":145,"column":null}}},"4":{"name":"(anonymous_16)","decl":{"start":{"line":148,"column":10},"end":{"line":148,"column":27}},"loc":{"start":{"line":148,"column":55},"end":{"line":197,"column":null}}},"5":{"name":"(anonymous_18)","decl":{"start":{"line":170,"column":69},"end":{"line":170,"column":70}},"loc":{"start":{"line":170,"column":86},"end":{"line":170,"column":113}}},"6":{"name":"(anonymous_19)","decl":{"start":{"line":200,"column":10},"end":{"line":200,"column":27}},"loc":{"start":{"line":200,"column":55},"end":{"line":222,"column":null}}},"7":{"name":"(anonymous_21)","decl":{"start":{"line":225,"column":10},"end":{"line":225,"column":27}},"loc":{"start":{"line":225,"column":55},"end":{"line":243,"column":null}}}},"branchMap":{"0":{"loc":{"start":{"line":65,"column":12},"end":{"line":69,"column":13}},"type":"if","locations":[{"start":{"line":65,"column":12},"end":{"line":69,"column":13}}]},"1":{"loc":{"start":{"line":87,"column":12},"end":{"line":91,"column":13}},"type":"if","locations":[{"start":{"line":87,"column":12},"end":{"line":91,"column":13}}]},"2":{"loc":{"start":{"line":133,"column":12},"end":{"line":137,"column":13}},"type":"if","locations":[{"start":{"line":133,"column":12},"end":{"line":137,"column":13}}]},"3":{"loc":{"start":{"line":158,"column":12},"end":{"line":161,"column":13}},"type":"if","locations":[{"start":{"line":158,"column":12},"end":{"line":161,"column":13}}]},"4":{"loc":{"start":{"line":163,"column":12},"end":{"line":166,"column":13}},"type":"if","locations":[{"start":{"line":163,"column":12},"end":{"line":166,"column":13}}]},"5":{"loc":{"start":{"line":211,"column":12},"end":{"line":215,"column":13}},"type":"if","locations":[{"start":{"line":211,"column":12},"end":{"line":215,"column":13}}]},"6":{"loc":{"start":{"line":233,"column":12},"end":{"line":237,"column":13}},"type":"if","locations":[{"start":{"line":233,"column":12},"end":{"line":237,"column":13}}]}},"s":{"0":1,"1":1,"2":1,"3":1,"4":1,"5":1,"6":1,"7":1,"8":1,"9":1,"10":0,"11":0,"12":0,"13":0,"14":0,"15":0,"16":0,"17":0,"18":0,"19":0,"20":0,"21":0,"22":0,"23":0,"24":0,"25":0,"26":0,"27":0,"28":0,"29":0,"30":0,"31":0,"32":0,"33":3,"34":3,"35":3,"36":2,"37":2,"38":1,"39":1,"40":1,"41":1,"42":1,"43":0,"44":0,"45":0,"46":0,"47":0,"48":0,"49":0,"50":0,"51":0,"52":1,"53":1,"54":0,"55":0,"56":0,"57":0,"58":0,"59":0,"60":0,"61":0,"62":0,"63":0,"64":0,"65":0,"66":0,"67":0,"68":0,"69":0,"70":0,"71":1},"f":{"0":1,"1":0,"2":0,"3":0,"4":3,"5":0,"6":0,"7":0},"b":{"0":[0],"1":[0],"2":[0],"3":[1],"4":[1],"5":[0],"6":[0]}}
,"C:\\Users\\luisc\\Desktop\\Pruebas\\Tieso-Inn\\src\\middlewares\\auth.ts": {"path":"C:\\Users\\luisc\\Desktop\\Pruebas\\Tieso-Inn\\src\\middlewares\\auth.ts","statementMap":{"0":{"start":{"line":2,"column":0},"end":{"line":2,"column":47}},"1":{"start":{"line":3,"column":0},"end":{"line":3,"column":63}},"2":{"start":{"line":18,"column":33},"end":{"line":40,"column":1}},"3":{"start":{"line":19,"column":18},"end":{"line":19,"column":61}},"4":{"start":{"line":20,"column":4},"end":{"line":27,"column":5}},"5":{"start":{"line":21,"column":8},"end":{"line":24,"column":9}},"6":{"start":{"line":22,"column":12},"end":{"line":22,"column":35}},"7":{"start":{"line":23,"column":12},"end":{"line":23,"column":19}},"8":{"start":{"line":25,"column":8},"end":{"line":25,"column":94}},"9":{"start":{"line":26,"column":8},"end":{"line":26,"column":15}},"10":{"start":{"line":29,"column":4},"end":{"line":39,"column":5}},"11":{"start":{"line":30,"column":24},"end":{"line":30,"column":85}},"12":{"start":{"line":31,"column":8},"end":{"line":31,"column":27}},"13":{"start":{"line":32,"column":8},"end":{"line":32,"column":15}},"14":{"start":{"line":34,"column":8},"end":{"line":37,"column":9}},"15":{"start":{"line":35,"column":12},"end":{"line":35,"column":35}},"16":{"start":{"line":36,"column":12},"end":{"line":36,"column":19}},"17":{"start":{"line":38,"column":8},"end":{"line":38,"column":86}},"18":{"start":{"line":18,"column":13},"end":{"line":18,"column":33}}},"fnMap":{"0":{"name":"(anonymous_1)","decl":{"start":{"line":18,"column":33},"end":{"line":18,"column":34}},"loc":{"start":{"line":18,"column":91},"end":{"line":40,"column":1}}}},"branchMap":{"0":{"loc":{"start":{"line":19,"column":18},"end":{"line":19,"column":61}},"type":"cond-expr","locations":[{"start":{"line":19,"column":46},"end":{"line":19,"column":48}},{"start":{"line":19,"column":46},"end":{"line":19,"column":61}}]},"1":{"loc":{"start":{"line":19,"column":18},"end":{"line":19,"column":48}},"type":"binary-expr","locations":[{"start":{"line":19,"column":18},"end":{"line":19,"column":48}},{"start":{"line":19,"column":46},"end":{"line":19,"column":48}}]},"2":{"loc":{"start":{"line":20,"column":4},"end":{"line":27,"column":5}},"type":"if","locations":[{"start":{"line":20,"column":4},"end":{"line":27,"column":5}}]},"3":{"loc":{"start":{"line":21,"column":8},"end":{"line":24,"column":9}},"type":"if","locations":[{"start":{"line":21,"column":8},"end":{"line":24,"column":9}}]},"4":{"loc":{"start":{"line":21,"column":12},"end":{"line":21,"column":56}},"type":"cond-expr","locations":[{"start":{"line":21,"column":33},"end":{"line":21,"column":35}},{"start":{"line":21,"column":33},"end":{"line":21,"column":56}}]},"5":{"loc":{"start":{"line":21,"column":12},"end":{"line":21,"column":35}},"type":"binary-expr","locations":[{"start":{"line":21,"column":12},"end":{"line":21,"column":35}},{"start":{"line":21,"column":33},"end":{"line":21,"column":35}}]},"6":{"loc":{"start":{"line":34,"column":8},"end":{"line":37,"column":9}},"type":"if","locations":[{"start":{"line":34,"column":8},"end":{"line":37,"column":9}}]},"7":{"loc":{"start":{"line":34,"column":12},"end":{"line":34,"column":56}},"type":"cond-expr","locations":[{"start":{"line":34,"column":33},"end":{"line":34,"column":35}},{"start":{"line":34,"column":33},"end":{"line":34,"column":56}}]},"8":{"loc":{"start":{"line":34,"column":12},"end":{"line":34,"column":35}},"type":"binary-expr","locations":[{"start":{"line":34,"column":12},"end":{"line":34,"column":35}},{"start":{"line":34,"column":33},"end":{"line":34,"column":35}}]}},"s":{"0":1,"1":1,"2":1,"3":5,"4":5,"5":2,"6":1,"7":1,"8":1,"9":1,"10":3,"11":3,"12":1,"13":1,"14":2,"15":1,"16":1,"17":1,"18":1},"f":{"0":5},"b":{"0":[2,3],"1":[5,5],"2":[2],"3":[1],"4":[1,1],"5":[2,2],"6":[1],"7":[1,1],"8":[2,2]}}
,"C:\\Users\\luisc\\Desktop\\Pruebas\\Tieso-Inn\\src\\middlewares\\permissions.ts": {"path":"C:\\Users\\luisc\\Desktop\\Pruebas\\Tieso-Inn\\src\\middlewares\\permissions.ts","statementMap":{"0":{"start":{"line":2,"column":0},"end":{"line":2,"column":63}},"1":{"start":{"line":3,"column":0},"end":{"line":3,"column":34}},"2":{"start":{"line":7,"column":29},"end":{"line":42,"column":1}},"3":{"start":{"line":8,"column":4},"end":{"line":41,"column":6}},"4":{"start":{"line":8,"column":83},"end":{"line":41,"column":6}},"5":{"start":{"line":9,"column":8},"end":{"line":40,"column":9}},"6":{"start":{"line":11,"column":28},"end":{"line":11,"column":44}},"7":{"start":{"line":14,"column":12},"end":{"line":17,"column":13}},"8":{"start":{"line":15,"column":16},"end":{"line":15,"column":106}},"9":{"start":{"line":16,"column":16},"end":{"line":16,"column":23}},"10":{"start":{"line":20,"column":25},"end":{"line":20,"column":56}},"11":{"start":{"line":23,"column":12},"end":{"line":26,"column":13}},"12":{"start":{"line":24,"column":16},"end":{"line":24,"column":99}},"13":{"start":{"line":25,"column":16},"end":{"line":25,"column":23}},"14":{"start":{"line":29,"column":12},"end":{"line":32,"column":13}},"15":{"start":{"line":30,"column":16},"end":{"line":30,"column":94}},"16":{"start":{"line":31,"column":16},"end":{"line":31,"column":23}},"17":{"start":{"line":35,"column":12},"end":{"line":35,"column":28}},"18":{"start":{"line":36,"column":12},"end":{"line":36,"column":19}},"19":{"start":{"line":39,"column":12},"end":{"line":39,"column":110}},"20":{"start":{"line":7,"column":13},"end":{"line":7,"column":29}}},"fnMap":{"0":{"name":"(anonymous_8)","decl":{"start":{"line":7,"column":29},"end":{"line":7,"column":30}},"loc":{"start":{"line":7,"column":48},"end":{"line":42,"column":1}}},"1":{"name":"(anonymous_9)","decl":{"start":{"line":8,"column":11},"end":{"line":8,"column":17}},"loc":{"start":{"line":8,"column":83},"end":{"line":41,"column":6}}},"2":{"name":"(anonymous_10)","decl":{"start":{"line":8,"column":83},"end":{"line":8,"column":null}},"loc":{"start":{"line":8,"column":83},"end":{"line":41,"column":5}}}},"branchMap":{"0":{"loc":{"start":{"line":14,"column":12},"end":{"line":17,"column":13}},"type":"if","locations":[{"start":{"line":14,"column":12},"end":{"line":17,"column":13}}]},"1":{"loc":{"start":{"line":23,"column":12},"end":{"line":26,"column":13}},"type":"if","locations":[{"start":{"line":23,"column":12},"end":{"line":26,"column":13}}]},"2":{"loc":{"start":{"line":29,"column":12},"end":{"line":32,"column":13}},"type":"if","locations":[{"start":{"line":29,"column":12},"end":{"line":32,"column":13}}]}},"s":{"0":1,"1":1,"2":1,"3":5,"4":5,"5":5,"6":5,"7":5,"8":1,"9":1,"10":4,"11":3,"12":1,"13":1,"14":2,"15":1,"16":1,"17":1,"18":1,"19":1,"20":1},"f":{"0":5,"1":5,"2":5},"b":{"0":[1],"1":[1],"2":[1]}}
,"C:\\Users\\luisc\\Desktop\\Pruebas\\Tieso-Inn\\src\\middlewares\\validateReservation.ts": {"path":"C:\\Users\\luisc\\Desktop\\Pruebas\\Tieso-Inn\\src\\middlewares\\validateReservation.ts","statementMap":{"0":{"start":{"line":2,"column":0},"end":{"line":2,"column":63}},"1":{"start":{"line":4,"column":35},"end":{"line":18,"column":1}},"2":{"start":{"line":5,"column":58},"end":{"line":5,"column":66}},"3":{"start":{"line":7,"column":4},"end":{"line":10,"column":5}},"4":{"start":{"line":8,"column":8},"end":{"line":8,"column":129}},"5":{"start":{"line":9,"column":8},"end":{"line":9,"column":15}},"6":{"start":{"line":12,"column":4},"end":{"line":15,"column":5}},"7":{"start":{"line":13,"column":8},"end":{"line":13,"column":115}},"8":{"start":{"line":14,"column":8},"end":{"line":14,"column":15}},"9":{"start":{"line":17,"column":4},"end":{"line":17,"column":11}},"10":{"start":{"line":4,"column":13},"end":{"line":4,"column":35}}},"fnMap":{"0":{"name":"(anonymous_0)","decl":{"start":{"line":4,"column":35},"end":{"line":4,"column":36}},"loc":{"start":{"line":4,"column":93},"end":{"line":18,"column":1}}}},"branchMap":{"0":{"loc":{"start":{"line":7,"column":4},"end":{"line":10,"column":5}},"type":"if","locations":[{"start":{"line":7,"column":4},"end":{"line":10,"column":5}}]},"1":{"loc":{"start":{"line":12,"column":4},"end":{"line":15,"column":5}},"type":"if","locations":[{"start":{"line":12,"column":4},"end":{"line":15,"column":5}}]}},"s":{"0":1,"1":1,"2":3,"3":3,"4":1,"5":1,"6":2,"7":1,"8":1,"9":1,"10":1},"f":{"0":3},"b":{"0":[1],"1":[1]}}
,"C:\\Users\\luisc\\Desktop\\Pruebas\\Tieso-Inn\\src\\models\\category.ts": {"path":"C:\\Users\\luisc\\Desktop\\Pruebas\\Tieso-Inn\\src\\models\\category.ts","statementMap":{"0":{"start":{"line":1,"column":0},"end":{"line":1,"column":51}},"1":{"start":{"line":10,"column":23},"end":{"line":15,"column":2}},"2":{"start":{"line":17,"column":17},"end":{"line":17,"column":50}},"3":{"start":{"line":18,"column":0},"end":{"line":18,"column":24}}},"fnMap":{},"branchMap":{},"s":{"0":1,"1":1,"2":1,"3":1},"f":{},"b":{}}
,"C:\\Users\\luisc\\Desktop\\Pruebas\\Tieso-Inn\\src\\models\\reservation.ts": {"path":"C:\\Users\\luisc\\Desktop\\Pruebas\\Tieso-Inn\\src\\models\\reservation.ts","statementMap":{"0":{"start":{"line":1,"column":0},"end":{"line":1,"column":54}},"1":{"start":{"line":15,"column":34},"end":{"line":23,"column":2}},"2":{"start":{"line":25,"column":0},"end":{"line":25,"column":78}}},"fnMap":{},"branchMap":{},"s":{"0":1,"1":1,"2":1},"f":{},"b":{}}
,"C:\\Users\\luisc\\Desktop\\Pruebas\\Tieso-Inn\\src\\models\\room.ts": {"path":"C:\\Users\\luisc\\Desktop\\Pruebas\\Tieso-Inn\\src\\models\\room.ts","statementMap":{"0":{"start":{"line":1,"column":0},"end":{"line":1,"column":51}},"1":{"start":{"line":12,"column":19},"end":{"line":19,"column":2}},"2":{"start":{"line":21,"column":13},"end":{"line":21,"column":38}},"3":{"start":{"line":22,"column":0},"end":{"line":22,"column":20}}},"fnMap":{},"branchMap":{},"s":{"0":1,"1":1,"2":1,"3":1},"f":{},"b":{}}
,"C:\\Users\\luisc\\Desktop\\Pruebas\\Tieso-Inn\\src\\models\\support_chat.ts": {"path":"C:\\Users\\luisc\\Desktop\\Pruebas\\Tieso-Inn\\src\\models\\support_chat.ts","statementMap":{"0":{"start":{"line":1,"column":0},"end":{"line":1,"column":64}},"1":{"start":{"line":15,"column":22},"end":{"line":19,"column":2}},"2":{"start":{"line":21,"column":19},"end":{"line":25,"column":2}},"3":{"start":{"line":27,"column":13},"end":{"line":27,"column":45}},"4":{"start":{"line":28,"column":0},"end":{"line":28,"column":20}}},"fnMap":{},"branchMap":{},"s":{"0":1,"1":1,"2":1,"3":1,"4":1},"f":{},"b":{}}
,"C:\\Users\\luisc\\Desktop\\Pruebas\\Tieso-Inn\\src\\models\\user.ts": {"path":"C:\\Users\\luisc\\Desktop\\Pruebas\\Tieso-Inn\\src\\models\\user.ts","statementMap":{"0":{"start":{"line":1,"column":0},"end":{"line":1,"column":64}},"1":{"start":{"line":13,"column":19},"end":{"line":21,"column":2}},"2":{"start":{"line":23,"column":13},"end":{"line":23,"column":39}},"3":{"start":{"line":25,"column":0},"end":{"line":25,"column":20}}},"fnMap":{},"branchMap":{},"s":{"0":2,"1":2,"2":2,"3":2},"f":{},"b":{}}
,"C:\\Users\\luisc\\Desktop\\Pruebas\\Tieso-Inn\\src\\types\\http-status-codes.ts": {"path":"C:\\Users\\luisc\\Desktop\\Pruebas\\Tieso-Inn\\src\\types\\http-status-codes.ts","statementMap":{"0":{"start":{"line":1,"column":0},"end":{"line":1,"column":null}},"1":{"start":{"line":2,"column":4},"end":{"line":2,"column":null}},"2":{"start":{"line":3,"column":4},"end":{"line":3,"column":null}},"3":{"start":{"line":4,"column":4},"end":{"line":4,"column":null}},"4":{"start":{"line":5,"column":4},"end":{"line":5,"column":null}},"5":{"start":{"line":6,"column":4},"end":{"line":6,"column":null}},"6":{"start":{"line":7,"column":4},"end":{"line":7,"column":null}},"7":{"start":{"line":8,"column":4},"end":{"line":8,"column":null}},"8":{"start":{"line":9,"column":4},"end":{"line":9,"column":null}}},"fnMap":{"0":{"name":"(anonymous_0)","decl":{"start":{"line":1,"column":0},"end":{"line":1,"column":12}},"loc":{"start":{"line":1,"column":29},"end":{"line":11,"column":1}}}},"branchMap":{"0":{"loc":{"start":{"line":1,"column":12},"end":{"line":1,"column":null}},"type":"binary-expr","locations":[{"start":{"line":1,"column":12},"end":{"line":1,"column":29}},{"start":{"line":1,"column":29},"end":{"line":1,"column":null}}]}},"s":{"0":6,"1":6,"2":6,"3":6,"4":6,"5":6,"6":6,"7":6,"8":6},"f":{"0":6},"b":{"0":[6,6]}}
,"C:\\Users\\luisc\\Desktop\\Pruebas\\Tieso-Inn\\src\\utils\\pdfGenerator.ts": {"path":"C:\\Users\\luisc\\Desktop\\Pruebas\\Tieso-Inn\\src\\utils\\pdfGenerator.ts","statementMap":{"0":{"start":{"line":1,"column":0},"end":{"line":1,"column":33}},"1":{"start":{"line":2,"column":0},"end":{"line":2,"column":20}},"2":{"start":{"line":5,"column":38},"end":{"line":28,"column":1}},"3":{"start":{"line":6,"column":4},"end":{"line":27,"column":7}},"4":{"start":{"line":7,"column":20},"end":{"line":7,"column":37}},"5":{"start":{"line":8,"column":28},"end":{"line":8,"column":57}},"6":{"start":{"line":10,"column":8},"end":{"line":10,"column":50}},"7":{"start":{"line":10,"column":39},"end":{"line":10,"column":48}},"8":{"start":{"line":11,"column":8},"end":{"line":11,"column":58}},"9":{"start":{"line":11,"column":43},"end":{"line":11,"column":56}},"10":{"start":{"line":13,"column":8},"end":{"line":13,"column":30}},"11":{"start":{"line":15,"column":8},"end":{"line":15,"column":74}},"12":{"start":{"line":16,"column":8},"end":{"line":16,"column":23}},"13":{"start":{"line":18,"column":8},"end":{"line":18,"column":84}},"14":{"start":{"line":19,"column":8},"end":{"line":19,"column":52}},"15":{"start":{"line":20,"column":8},"end":{"line":20,"column":52}},"16":{"start":{"line":21,"column":8},"end":{"line":21,"column":62}},"17":{"start":{"line":22,"column":8},"end":{"line":22,"column":64}},"18":{"start":{"line":23,"column":8},"end":{"line":23,"column":66}},"19":{"start":{"line":24,"column":8},"end":{"line":24,"column":50}},"20":{"start":{"line":26,"column":8},"end":{"line":26,"column":18}},"21":{"start":{"line":5,"column":13},"end":{"line":5,"column":38}}},"fnMap":{"0":{"name":"(anonymous_1)","decl":{"start":{"line":5,"column":38},"end":{"line":5,"column":39}},"loc":{"start":{"line":5,"column":100},"end":{"line":28,"column":1}}},"1":{"name":"(anonymous_2)","decl":{"start":{"line":6,"column":23},"end":{"line":6,"column":24}},"loc":{"start":{"line":6,"column":43},"end":{"line":27,"column":5}}},"2":{"name":"(anonymous_3)","decl":{"start":{"line":10,"column":33},"end":{"line":10,"column":36}},"loc":{"start":{"line":10,"column":39},"end":{"line":10,"column":48}}},"3":{"name":"(anonymous_4)","decl":{"start":{"line":11,"column":32},"end":{"line":11,"column":33}},"loc":{"start":{"line":11,"column":43},"end":{"line":11,"column":56}}}},"branchMap":{},"s":{"0":1,"1":1,"2":1,"3":2,"4":2,"5":2,"6":2,"7":1,"8":2,"9":1,"10":2,"11":2,"12":2,"13":2,"14":2,"15":2,"16":2,"17":2,"18":2,"19":2,"20":2,"21":1},"f":{"0":2,"1":2,"2":1,"3":1},"b":{}}
}
