TN:
SF:src\controller\authGoogle.controller.ts
FN:4,(anonymous_1)
FNF:1
FNH:1
FNDA:2,(anonymous_1)
DA:2,1
DA:4,1
DA:5,2
DA:7,2
DA:9,1
DA:10,1
DA:14,1
DA:21,1
LF:8
LH:8
BRDA:7,0,0,1
BRF:1
BRH:1
end_of_record
TN:
SF:src\controller\categories.controller.ts
FN:7,(anonymous_8)
FN:17,(anonymous_10)
FN:31,(anonymous_12)
FN:57,(anonymous_14)
FN:68,(anonymous_16)
FNF:5
FNH:5
FNDA:2,(anonymous_8)
FNDA:2,(anonymous_10)
FNDA:2,(anonymous_12)
FNDA:1,(anonymous_14)
FNDA:2,(anonymous_16)
DA:2,1
DA:3,1
DA:8,2
DA:9,2
DA:10,1
DA:12,1
DA:13,1
DA:18,2
DA:19,2
DA:20,2
DA:21,2
DA:22,1
DA:24,1
DA:26,0
DA:27,0
DA:32,2
DA:33,2
DA:34,2
DA:36,2
DA:37,1
DA:38,1
DA:41,1
DA:48,1
DA:49,1
DA:52,0
DA:53,0
DA:58,1
DA:59,1
DA:60,1
DA:61,1
DA:63,0
DA:64,0
DA:69,2
DA:70,2
DA:71,2
DA:72,2
DA:73,1
DA:74,1
DA:76,1
DA:78,0
DA:79,0
DA:84,1
LF:42
LH:34
BRDA:21,0,0,1
BRDA:36,1,0,1
BRDA:72,2,0,1
BRF:3
BRH:3
end_of_record
TN:
SF:src\controller\chat.controller.ts
FN:6,(anonymous_8)
FN:16,(anonymous_10)
FN:31,(anonymous_12)
FN:56,(anonymous_14)
FN:71,(anonymous_16)
FNF:5
FNH:5
FNDA:2,(anonymous_8)
FNDA:2,(anonymous_10)
FNDA:2,(anonymous_12)
FNDA:2,(anonymous_14)
FNDA:2,(anonymous_16)
DA:2,1
DA:3,1
DA:7,2
DA:8,2
DA:9,1
DA:11,1
DA:12,1
DA:17,2
DA:18,2
DA:19,2
DA:20,2
DA:21,1
DA:22,1
DA:24,1
DA:26,0
DA:27,0
DA:32,2
DA:33,2
DA:34,2
DA:35,2
DA:36,2
DA:37,1
DA:38,1
DA:41,1
DA:47,1
DA:49,1
DA:51,0
DA:52,0
DA:57,2
DA:58,2
DA:59,2
DA:60,2
DA:61,1
DA:62,1
DA:64,1
DA:66,0
DA:67,0
DA:72,2
DA:73,2
DA:74,2
DA:75,2
DA:87,2
DA:93,2
DA:94,1
DA:95,1
DA:98,1
DA:100,0
DA:101,0
DA:106,1
DA:107,1
LF:50
LH:42
BRDA:20,0,0,1
BRDA:36,1,0,1
BRDA:60,2,0,1
BRDA:93,3,0,1
BRF:4
BRH:4
end_of_record
TN:
SF:src\controller\reservation.controller.ts
FN:22,(anonymous_8)
FN:58,(anonymous_10)
FN:80,(anonymous_12)
FN:102,(anonymous_14)
FN:148,(anonymous_16)
FN:170,(anonymous_18)
FN:200,(anonymous_19)
FN:225,(anonymous_21)
FNF:8
FNH:2
FNDA:1,(anonymous_8)
FNDA:0,(anonymous_10)
FNDA:0,(anonymous_12)
FNDA:0,(anonymous_14)
FNDA:3,(anonymous_16)
FNDA:0,(anonymous_18)
FNDA:0,(anonymous_19)
FNDA:0,(anonymous_21)
DA:2,1
DA:3,1
DA:4,1
DA:5,1
DA:6,1
DA:7,1
DA:9,1
DA:23,1
DA:24,1
DA:48,1
DA:50,0
DA:53,0
DA:59,0
DA:61,0
DA:62,0
DA:65,0
DA:66,0
DA:71,0
DA:73,0
DA:81,0
DA:83,0
DA:84,0
DA:87,0
DA:88,0
DA:93,0
DA:95,0
DA:103,0
DA:105,0
DA:106,0
DA:133,0
DA:134,0
DA:139,0
DA:141,0
DA:149,3
DA:151,3
DA:153,3
DA:155,2
DA:158,2
DA:159,1
DA:160,1
DA:163,1
DA:164,1
DA:165,1
DA:169,0
DA:170,0
DA:173,0
DA:174,0
DA:175,0
DA:179,0
DA:190,0
DA:191,0
DA:194,1
DA:195,1
DA:201,0
DA:202,0
DA:204,0
DA:205,0
DA:211,0
DA:212,0
DA:214,0
DA:217,0
DA:220,0
DA:226,0
DA:228,0
DA:229,0
DA:233,0
DA:234,0
DA:236,0
DA:239,0
DA:241,0
DA:245,1
LF:71
LH:23
BRDA:65,0,0,0
BRDA:87,1,0,0
BRDA:133,2,0,0
BRDA:158,3,0,1
BRDA:163,4,0,1
BRDA:211,5,0,0
BRDA:233,6,0,0
BRF:7
BRH:2
end_of_record
TN:
SF:src\middlewares\auth.ts
FN:18,(anonymous_1)
FNF:1
FNH:1
FNDA:5,(anonymous_1)
DA:2,1
DA:3,1
DA:18,1
DA:19,5
DA:20,5
DA:21,2
DA:22,1
DA:23,1
DA:25,1
DA:26,1
DA:29,3
DA:30,3
DA:31,1
DA:32,1
DA:34,2
DA:35,1
DA:36,1
DA:38,1
LF:18
LH:18
BRDA:19,0,0,2
BRDA:19,0,1,3
BRDA:19,1,0,5
BRDA:19,1,1,5
BRDA:20,2,0,2
BRDA:21,3,0,1
BRDA:21,4,0,1
BRDA:21,4,1,1
BRDA:21,5,0,2
BRDA:21,5,1,2
BRDA:34,6,0,1
BRDA:34,7,0,1
BRDA:34,7,1,1
BRDA:34,8,0,2
BRDA:34,8,1,2
BRF:15
BRH:15
end_of_record
TN:
SF:src\middlewares\permissions.ts
FN:7,(anonymous_8)
FN:8,(anonymous_9)
FN:8,(anonymous_10)
FNF:3
FNH:3
FNDA:5,(anonymous_8)
FNDA:5,(anonymous_9)
FNDA:5,(anonymous_10)
DA:2,1
DA:3,1
DA:7,1
DA:8,5
DA:9,5
DA:11,5
DA:14,5
DA:15,1
DA:16,1
DA:20,4
DA:23,3
DA:24,1
DA:25,1
DA:29,2
DA:30,1
DA:31,1
DA:35,1
DA:36,1
DA:39,1
LF:19
LH:19
BRDA:14,0,0,1
BRDA:23,1,0,1
BRDA:29,2,0,1
BRF:3
BRH:3
end_of_record
TN:
SF:src\middlewares\validateReservation.ts
FN:4,(anonymous_0)
FNF:1
FNH:1
FNDA:3,(anonymous_0)
DA:2,1
DA:4,1
DA:5,3
DA:7,3
DA:8,1
DA:9,1
DA:12,2
DA:13,1
DA:14,1
DA:17,1
LF:10
LH:10
BRDA:7,0,0,1
BRDA:12,1,0,1
BRF:2
BRH:2
end_of_record
TN:
SF:src\models\category.ts
FNF:0
FNH:0
DA:1,1
DA:10,1
DA:17,1
DA:18,1
LF:4
LH:4
BRF:0
BRH:0
end_of_record
TN:
SF:src\models\reservation.ts
FNF:0
FNH:0
DA:1,1
DA:15,1
DA:25,1
LF:3
LH:3
BRF:0
BRH:0
end_of_record
TN:
SF:src\models\room.ts
FNF:0
FNH:0
DA:1,1
DA:12,1
DA:21,1
DA:22,1
LF:4
LH:4
BRF:0
BRH:0
end_of_record
TN:
SF:src\models\support_chat.ts
FNF:0
FNH:0
DA:1,1
DA:15,1
DA:21,1
DA:27,1
DA:28,1
LF:5
LH:5
BRF:0
BRH:0
end_of_record
TN:
SF:src\models\user.ts
FNF:0
FNH:0
DA:1,2
DA:13,2
DA:23,2
DA:25,2
LF:4
LH:4
BRF:0
BRH:0
end_of_record
TN:
SF:src\types\http-status-codes.ts
FN:1,(anonymous_0)
FNF:1
FNH:1
FNDA:6,(anonymous_0)
DA:1,6
DA:2,6
DA:3,6
DA:4,6
DA:5,6
DA:6,6
DA:7,6
DA:8,6
DA:9,6
LF:9
LH:9
BRDA:1,0,0,6
BRDA:1,0,1,6
BRF:2
BRH:2
end_of_record
TN:
SF:src\utils\pdfGenerator.ts
FN:5,(anonymous_1)
FN:6,(anonymous_2)
FN:10,(anonymous_3)
FN:11,(anonymous_4)
FNF:4
FNH:4
FNDA:2,(anonymous_1)
FNDA:2,(anonymous_2)
FNDA:1,(anonymous_3)
FNDA:1,(anonymous_4)
DA:1,1
DA:2,1
DA:5,1
DA:6,2
DA:7,2
DA:8,2
DA:10,2
DA:11,2
DA:13,2
DA:15,2
DA:16,2
DA:18,2
DA:19,2
DA:20,2
DA:21,2
DA:22,2
DA:23,2
DA:24,2
DA:26,2
LF:19
LH:19
BRF:0
BRH:0
end_of_record
